
R version 4.2.1 Patched (2022-09-06 r82817) -- "Funny-Looking Kid"
Copyright (C) 2022 The R Foundation for Statistical Computing
Platform: x86_64-pc-linux-gnu (64-bit)

R is free software and comes with ABSOLUTELY NO WARRANTY.
You are welcome to redistribute it under certain conditions.
Type 'license()' or 'licence()' for distribution details.

R is a collaborative project with many contributors.
Type 'contributors()' for more information and
'citation()' on how to cite R or R packages in publications.

Type 'demo()' for some demos, 'help()' for on-line help, or
'help.start()' for an HTML browser interface to help.
Type 'q()' to quit R.

> fails = c("flowUtils", "rsbml", "SLGI", "RpsiXML",
+ "tspair", "RmiR", "IsoGeneGUI", "gaia", "seqbias",
+ "TDARACNE", "inveRsion", "ArrayExpressHTS", "ReQON", "gprege",
+ "BitSeq", "annmap", "networkBMA", "RMassBank", "ensemblVEP",
+ "clonotypeR", "ChemmineOB", "BiGGR", "PSICQUIC", "flowCL", "Sushi",
+ "Rnits", "coMET", "CAnD", "caOmicsV", "ABAEnrichment", "ProteomicsAnnotationHubData",
+ "tofsims", "CountClust", "genphen", "GenoGAM", "diffloop", "CancerInSilico",
+ "TVTB", "IntEREst", "TSRchitect", "trena", "Onassis", "iteremoval",
+ "MACPET", "Rgin", "perturbatr", "NBSplice", "gpart", "TimeSeriesExperiment",
+ "PrecisionTrialDrawer", "epihet", "GAPGOM", "phemd", "GladiaTOX",
+ "XCIR", "MMAPPR2", "Autotuner", "sojourner", "pulsedSilac", "ASpediaFI",
+ "PubScore", "EnMCB", "ctgGEM", "GCSConnection", "sangeranalyseR",
+ "CytoTree", "GCSFilesystem", "Herper", "Travel", "TraRe", "rawrr",
+ "MsBackendRawFileReader")
> 
> BiocManager::install(fails, dependencies=TRUE)
Bioconductor version 3.16 (BiocManager 1.30.18), R 4.2.1 Patched (2022-09-06
  r82817)
Installing package(s) 'flowUtils', 'rsbml', 'SLGI', 'RpsiXML', 'tspair',
  'RmiR', 'IsoGeneGUI', 'gaia', 'seqbias', 'TDARACNE', 'inveRsion',
  'ArrayExpressHTS', 'ReQON', 'gprege', 'BitSeq', 'annmap', 'networkBMA',
  'RMassBank', 'ensemblVEP', 'clonotypeR', 'ChemmineOB', 'BiGGR', 'PSICQUIC',
  'flowCL', 'Sushi', 'Rnits', 'coMET', 'CAnD', 'caOmicsV', 'ABAEnrichment',
  'ProteomicsAnnotationHubData', 'tofsims', 'CountClust', 'genphen', 'GenoGAM',
  'diffloop', 'CancerInSilico', 'TVTB', 'IntEREst', 'TSRchitect', 'trena',
  'Onassis', 'iteremoval', 'MACPET', 'Rgin', 'perturbatr', 'NBSplice', 'gpart',
  'TimeSeriesExperiment', 'PrecisionTrialDrawer', 'epihet', 'GAPGOM', 'phemd',
  'GladiaTOX', 'XCIR', 'MMAPPR2', 'Autotuner', 'sojourner', 'pulsedSilac',
  'ASpediaFI', 'PubScore', 'EnMCB', 'ctgGEM', 'GCSConnection',
  'sangeranalyseR', 'CytoTree', 'GCSFilesystem', 'Herper', 'Travel', 'TraRe',
  'rawrr', 'MsBackendRawFileReader'
Warning: dependencies 'GenKern', 'SPARQL', 'colortools', 'mppa', 'EntropyExplorer', 'sampSurf', 'mGSZ', 'vbsr' are not available
trying URL 'https://bioconductor.org/packages/3.16/bioc/src/contrib/rsbml_2.55.0.tar.gz'
Content type 'application/x-gzip' length 565802 bytes (552 KB)
==================================================
downloaded 552 KB

trying URL 'https://bioconductor.org/packages/3.16/bioc/src/contrib/seqbias_1.45.0.tar.gz'
Content type 'application/x-gzip' length 715611 bytes (698 KB)
==================================================
downloaded 698 KB

trying URL 'https://bioconductor.org/packages/3.16/bioc/src/contrib/TDARACNE_1.47.0.tar.gz'
Content type 'application/x-gzip' length 99822 bytes (97 KB)
==================================================
downloaded 97 KB

trying URL 'https://bioconductor.org/packages/3.16/bioc/src/contrib/ArrayExpressHTS_1.47.0.tar.gz'
Content type 'application/x-gzip' length 300230 bytes (293 KB)
==================================================
downloaded 293 KB

trying URL 'https://bioconductor.org/packages/3.16/bioc/src/contrib/ReQON_1.43.0.tar.gz'
Content type 'application/x-gzip' length 1384355 bytes (1.3 MB)
==================================================
downloaded 1.3 MB

trying URL 'https://bioconductor.org/packages/3.16/bioc/src/contrib/BitSeq_1.41.0.tar.gz'
Content type 'application/x-gzip' length 1225409 bytes (1.2 MB)
==================================================
downloaded 1.2 MB

trying URL 'https://bioconductor.org/packages/3.16/bioc/src/contrib/annmap_1.39.0.tar.gz'
Content type 'application/x-gzip' length 859896 bytes (839 KB)
==================================================
downloaded 839 KB

trying URL 'https://bioconductor.org/packages/3.16/bioc/src/contrib/RMassBank_3.7.1.tar.gz'
Content type 'application/x-gzip' length 2117034 bytes (2.0 MB)
==================================================
downloaded 2.0 MB

trying URL 'https://bioconductor.org/packages/3.16/bioc/src/contrib/ChemmineOB_1.35.2.tar.gz'
Content type 'application/x-gzip' length 1351346 bytes (1.3 MB)
==================================================
downloaded 1.3 MB

trying URL 'https://bioconductor.org/packages/3.16/bioc/src/contrib/BiGGR_1.33.0.tar.gz'
Content type 'application/x-gzip' length 4391844 bytes (4.2 MB)
==================================================
downloaded 4.2 MB

trying URL 'https://bioconductor.org/packages/3.16/bioc/src/contrib/flowCL_1.35.0.tar.gz'
Content type 'application/x-gzip' length 189677 bytes (185 KB)
==================================================
downloaded 185 KB

trying URL 'https://bioconductor.org/packages/3.16/bioc/src/contrib/coMET_1.29.0.tar.gz'
Content type 'application/x-gzip' length 22855286 bytes (21.8 MB)
==================================================
downloaded 21.8 MB

trying URL 'https://bioconductor.org/packages/3.16/bioc/src/contrib/CancerInSilico_2.17.0.tar.gz'
Content type 'application/x-gzip' length 2394260 bytes (2.3 MB)
==================================================
downloaded 2.3 MB

trying URL 'https://bioconductor.org/packages/3.16/bioc/src/contrib/IntEREst_1.21.1.tar.gz'
Content type 'application/x-gzip' length 1453606 bytes (1.4 MB)
==================================================
downloaded 1.4 MB

trying URL 'https://bioconductor.org/packages/3.16/bioc/src/contrib/trena_1.19.1.tar.gz'
Content type 'application/x-gzip' length 7144418 bytes (6.8 MB)
==================================================
downloaded 6.8 MB

trying URL 'https://bioconductor.org/packages/3.16/bioc/src/contrib/NBSplice_1.15.0.tar.gz'
Content type 'application/x-gzip' length 799316 bytes (780 KB)
==================================================
downloaded 780 KB

trying URL 'https://bioconductor.org/packages/3.16/bioc/src/contrib/epihet_1.13.0.tar.gz'
Content type 'application/x-gzip' length 808342 bytes (789 KB)
==================================================
downloaded 789 KB

trying URL 'https://bioconductor.org/packages/3.16/bioc/src/contrib/GladiaTOX_1.13.0.tar.gz'
Content type 'application/x-gzip' length 3950230 bytes (3.8 MB)
==================================================
downloaded 3.8 MB

trying URL 'https://bioconductor.org/packages/3.16/bioc/src/contrib/sojourner_1.11.0.tar.gz'
Content type 'application/x-gzip' length 3134515 bytes (3.0 MB)
==================================================
downloaded 3.0 MB

trying URL 'https://bioconductor.org/packages/3.16/bioc/src/contrib/ASpediaFI_1.11.0.tar.gz'
Content type 'application/x-gzip' length 2799579 bytes (2.7 MB)
==================================================
downloaded 2.7 MB

trying URL 'https://bioconductor.org/packages/3.16/bioc/src/contrib/sangeranalyseR_1.7.1.tar.gz'
Content type 'application/x-gzip' length 39995243 bytes (38.1 MB)
==================================================
downloaded 38.1 MB

trying URL 'https://bioconductor.org/packages/3.16/bioc/src/contrib/Travel_1.5.0.tar.gz'
Content type 'application/x-gzip' length 439276 bytes (428 KB)
==================================================
downloaded 428 KB

trying URL 'https://bioconductor.org/packages/3.16/bioc/src/contrib/TraRe_1.5.0.tar.gz'
Content type 'application/x-gzip' length 4624734 bytes (4.4 MB)
==================================================
downloaded 4.4 MB

trying URL 'https://bioconductor.org/packages/3.16/bioc/src/contrib/rawrr_1.5.3.tar.gz'
Content type 'application/x-gzip' length 1669426 bytes (1.6 MB)
==================================================
downloaded 1.6 MB

trying URL 'https://bioconductor.org/packages/3.16/bioc/src/contrib/MsBackendRawFileReader_1.3.0.tar.gz'
Content type 'application/x-gzip' length 1487825 bytes (1.4 MB)
==================================================
downloaded 1.4 MB

* installing *source* package 'rsbml' ...
** using staged installation
checking for pkg-config... /usr/bin/pkg-config
checking pkg-config is at least version 0.9.0... yes
checking for LIBSBML... no
configure: error: Package requirements (libsbml >= 3.0.2) were not met:

No package 'libsbml' found

Consider adjusting the PKG_CONFIG_PATH environment variable if you
installed software in a non-standard prefix.

Alternatively, you may set the environment variables LIBSBML_CFLAGS
and LIBSBML_LIBS to avoid the need to call pkg-config.
See the pkg-config man page for more details.
ERROR: configuration failed for package 'rsbml'
* removing '/media/volume/sdb/vince/R-4-2-dist/lib/R/library/rsbml'
* installing *source* package 'seqbias' ...
** using staged installation
** libs
gcc -I"/home/stvjc/BBS_space/R-4-2-dist/lib/R/include" -DNDEBUG -D_FILE_OFFSET_BITS=64 -I'/media/volume/sdb/vince/R-4-2-dist/lib/R/library/Rhtslib/include' -I/usr/local/include  -Wall -Wextra -I. -fpic  -g -O2  -c sam.c -o sam.o
In file included from ./sam.c:1,
                 from ./sam.c:1,
                 from ./sam.c:1,
                 from ./sam.c:1,
                 from ./sam.c:1,
                 from ./sam.c:1,
                 from ./sam.c:1,
                 from ./sam.c:1,
                 from ./sam.c:1,
                 from ./sam.c:1,
                 from ./sam.c:1,
                 from ./sam.c:1,
                 from ./sam.c:1,
                 from ./sam.c:1,
                 from ./sam.c:1,
                 from ./sam.c:1,
                 from ./sam.c:1,
                 from ./sam.c:1,
                 from ./sam.c:1,
                 from ./sam.c:1,
                 from ./sam.c:1,
                 from ./sam.c:1,
                 from ./sam.c:1,
                 from ./sam.c:1,
                 from ./sam.c:1,
                 from ./sam.c:1,
                 from ./sam.c:1,
                 from ./sam.c:1,
                 from ./sam.c:1,
                 from ./sam.c:1,
                 from ./sam.c:1,
                 from ./sam.c:1,
                 from ./sam.c:1,
                 from ./sam.c:1,
                 from ./sam.c:1,
                 from ./sam.c:1,
                 from ./sam.c:1,
                 from ./sam.c:1,
                 from ./sam.c:1,
                 from ./sam.c:1,
                 from ./sam.c:1,
                 from ./sam.c:1,
                 from ./sam.c:1,
                 from ./sam.c:1,
                 from ./sam.c:1,
                 from ./sam.c:1,
                 from ./sam.c:1,
                 from ./sam.c:1,
                 from ./sam.c:1,
                 from ./sam.c:1,
                 from ./sam.c:1,
                 from ./sam.c:1,
                 from ./sam.c:1,
                 from ./sam.c:1,
                 from ./sam.c:1,
                 from ./sam.c:1,
                 from ./sam.c:1,
                 from ./sam.c:1,
                 from ./sam.c:1,
                 from ./sam.c:1,
                 from ./sam.c:1,
                 from ./sam.c:1,
                 from ./sam.c:1,
                 from ./sam.c:1,
                 from ./sam.c:1,
                 from ./sam.c:1,
                 from ./sam.c:1,
                 from ./sam.c:1,
                 from ./sam.c:1,
                 from ./sam.c:1,
                 from ./sam.c:1,
                 from ./sam.c:1,
                 from ./sam.c:1,
                 from ./sam.c:1,
                 from ./sam.c:1,
                 from ./sam.c:1,
                 from ./sam.c:1,
                 from ./sam.c:1,
                 from ./sam.c:1,
                 from ./sam.c:1,
                 from ./sam.c:1,
                 from ./sam.c:1,
                 from ./sam.c:1,
                 from ./sam.c:1,
                 from ./sam.c:1,
                 from ./sam.c:1,
                 from ./sam.c:1,
                 from ./sam.c:1,
                 from ./sam.c:1,
                 from ./sam.c:1,
                 from ./sam.c:1,
                 from ./sam.c:1,
                 from ./sam.c:1,
                 from ./sam.c:1,
                 from ./sam.c:1,
                 from ./sam.c:1,
                 from ./sam.c:1,
                 from ./sam.c:1,
                 from ./sam.c:1,
                 from ./sam.c:1,
                 from ./sam.c:1,
                 from ./sam.c:1,
                 from ./sam.c:1,
                 from ./sam.c:1,
                 from ./sam.c:1,
                 from ./sam.c:1,
                 from ./sam.c:1,
                 from ./sam.c:1,
                 from ./sam.c:1,
                 from ./sam.c:1,
                 from ./sam.c:1,
                 from ./sam.c:1,
                 from ./sam.c:1,
                 from ./sam.c:1,
                 from ./sam.c:1,
                 from ./sam.c:1,
                 from ./sam.c:1,
                 from ./sam.c:1,
                 from ./sam.c:1,
                 from ./sam.c:1,
                 from ./sam.c:1,
                 from ./sam.c:1,
                 from ./sam.c:1,
                 from ./sam.c:1,
                 from ./sam.c:1,
                 from ./sam.c:1,
                 from ./sam.c:1,
                 from ./sam.c:1,
                 from ./sam.c:1,
                 from ./sam.c:1,
                 from ./sam.c:1,
                 from ./sam.c:1,
                 from ./sam.c:1,
                 from ./sam.c:1,
                 from ./sam.c:1,
                 from ./sam.c:1,
                 from ./sam.c:1,
                 from ./sam.c:1,
                 from ./sam.c:1,
                 from ./sam.c:1,
                 from ./sam.c:1,
                 from ./sam.c:1,
                 from ./sam.c:1,
                 from ./sam.c:1,
                 from ./sam.c:1,
                 from ./sam.c:1,
                 from ./sam.c:1,
                 from ./sam.c:1,
                 from ./sam.c:1,
                 from ./sam.c:1,
                 from ./sam.c:1,
                 from ./sam.c:1,
                 from ./sam.c:1,
                 from ./sam.c:1,
                 from ./sam.c:1,
                 from ./sam.c:1,
                 from ./sam.c:1,
                 from ./sam.c:1,
                 from ./sam.c:1,
                 from ./sam.c:1,
                 from ./sam.c:1,
                 from ./sam.c:1,
                 from ./sam.c:1,
                 from ./sam.c:1,
                 from ./sam.c:1,
                 from ./sam.c:1,
                 from ./sam.c:1,
                 from ./sam.c:1,
                 from ./sam.c:1,
                 from ./sam.c:1,
                 from ./sam.c:1,
                 from ./sam.c:1,
                 from ./sam.c:1,
                 from ./sam.c:1,
                 from ./sam.c:1,
                 from ./sam.c:1,
                 from ./sam.c:1,
                 from ./sam.c:1,
                 from ./sam.c:1,
                 from ./sam.c:1,
                 from ./sam.c:1,
                 from ./sam.c:1,
                 from ./sam.c:1,
                 from ./sam.c:1,
                 from ./sam.c:1,
                 from ./sam.c:1,
                 from ./sam.c:1,
                 from ./sam.c:1,
                 from ./sam.c:1,
                 from ./sam.c:1,
                 from ./sam.c:1,
                 from ./sam.c:1,
                 from ./sam.c:1,
                 from ./sam.c:1,
                 from ./sam.c:1,
                 from ./sam.c:1,
                 from ./sam.c:1,
                 from ./sam.c:1,
                 from sam.c:1:
./sam.c:1:17: error: #include nested depth 200 exceeds maximum of 200 (use -fmax-include-depth=DEPTH to increase the maximum)
    1 | #include <sam.c>
      |                 ^
make: *** [/home/stvjc/BBS_space/R-4-2-dist/lib/R/etc/Makeconf:168: sam.o] Error 1
ERROR: compilation failed for package 'seqbias'
* removing '/media/volume/sdb/vince/R-4-2-dist/lib/R/library/seqbias'
ERROR: dependency 'GenKern' is not available for package 'TDARACNE'
* removing '/media/volume/sdb/vince/R-4-2-dist/lib/R/library/TDARACNE'
* installing *source* package 'ArrayExpressHTS' ...
** using staged installation
** libs
gcc -I"/home/stvjc/BBS_space/R-4-2-dist/lib/R/include" -DNDEBUG -D_FILE_OFFSET_BITS=64 -I'/media/volume/sdb/vince/R-4-2-dist/lib/R/library/Rhtslib/include' -I/usr/local/include   -fpic  -g -O2  -c addXS.c -o addXS.o
addXS.c: In function ‘addXS’:
addXS.c:42:5: warning: implicit declaration of function ‘Rprintf’; did you mean ‘dprintf’? [-Wimplicit-function-declaration]
   42 |     Rprintf("What?\n");
      |     ^~~~~~~
      |     dprintf
gcc -I"/home/stvjc/BBS_space/R-4-2-dist/lib/R/include" -DNDEBUG -D_FILE_OFFSET_BITS=64 -I'/media/volume/sdb/vince/R-4-2-dist/lib/R/library/Rhtslib/include' -I/usr/local/include   -fpic  -g -O2  -c bam_plbuf.c -o bam_plbuf.o
gcc -I"/home/stvjc/BBS_space/R-4-2-dist/lib/R/include" -DNDEBUG -D_FILE_OFFSET_BITS=64 -I'/media/volume/sdb/vince/R-4-2-dist/lib/R/library/Rhtslib/include' -I/usr/local/include   -fpic  -g -O2  -c fltbam.c -o fltbam.o
fltbam.c:2:10: fatal error: sam.h: No such file or directory
    2 | #include "sam.h"
      |          ^~~~~~~
compilation terminated.
make: *** [/home/stvjc/BBS_space/R-4-2-dist/lib/R/etc/Makeconf:168: fltbam.o] Error 1
ERROR: compilation failed for package 'ArrayExpressHTS'
* removing '/media/volume/sdb/vince/R-4-2-dist/lib/R/library/ArrayExpressHTS'
* installing *source* package 'BitSeq' ...
** using staged installation
configure: Version def: -DBS_VERSION=\"1.41.0\"
checking whether the C++ compiler works... yes
checking for C++ compiler default output file name... a.out
checking for suffix of executables... 
checking whether we are cross compiling... no
checking for suffix of object files... o
checking whether we are using the GNU C++ compiler... yes
checking whether g++ -std=gnu++14 accepts -g... yes
checking for g++ -std=gnu++14 option to support OpenMP... -fopenmp
configure: creating ./config.status
config.status: creating src/Makevars
config.status: creating src/Makevars.win
** libs
g++ -std=gnu++14 -I"/home/stvjc/BBS_space/R-4-2-dist/lib/R/include" -DNDEBUG -D_FILE_OFFSET_BITS=64 -DPACKAGE_NAME=\"BitSeq\" -DPACKAGE_TARNAME=\"bitseq\" -DPACKAGE_VERSION=\"1.10.x\" -DPACKAGE_STRING=\"BitSeq\ 1.10.x\" -DPACKAGE_BUGREPORT=\"\" -DPACKAGE_URL=\"\" -DBS_VERSION=\"1.41.0\" -DSUPPORT_OPENMP=1 -DBIOC_BUILD=1 -I'/media/volume/sdb/vince/R-4-2-dist/lib/R/library/Rhtslib/include' -I/usr/local/include  -I. -fopenmp -fpic  -g -O2  -c ArgumentParser.cpp -o ArgumentParser.o
g++ -std=gnu++14 -I"/home/stvjc/BBS_space/R-4-2-dist/lib/R/include" -DNDEBUG -D_FILE_OFFSET_BITS=64 -DPACKAGE_NAME=\"BitSeq\" -DPACKAGE_TARNAME=\"bitseq\" -DPACKAGE_VERSION=\"1.10.x\" -DPACKAGE_STRING=\"BitSeq\ 1.10.x\" -DPACKAGE_BUGREPORT=\"\" -DPACKAGE_URL=\"\" -DBS_VERSION=\"1.41.0\" -DSUPPORT_OPENMP=1 -DBIOC_BUILD=1 -I'/media/volume/sdb/vince/R-4-2-dist/lib/R/library/Rhtslib/include' -I/usr/local/include  -I. -fopenmp -fpic  -g -O2  -c CollapsedSampler.cpp -o CollapsedSampler.o
g++ -std=gnu++14 -I"/home/stvjc/BBS_space/R-4-2-dist/lib/R/include" -DNDEBUG -D_FILE_OFFSET_BITS=64 -DPACKAGE_NAME=\"BitSeq\" -DPACKAGE_TARNAME=\"bitseq\" -DPACKAGE_VERSION=\"1.10.x\" -DPACKAGE_STRING=\"BitSeq\ 1.10.x\" -DPACKAGE_BUGREPORT=\"\" -DPACKAGE_URL=\"\" -DBS_VERSION=\"1.41.0\" -DSUPPORT_OPENMP=1 -DBIOC_BUILD=1 -I'/media/volume/sdb/vince/R-4-2-dist/lib/R/library/Rhtslib/include' -I/usr/local/include  -I. -fopenmp -fpic  -g -O2  -c FileHeader.cpp -o FileHeader.o
g++ -std=gnu++14 -I"/home/stvjc/BBS_space/R-4-2-dist/lib/R/include" -DNDEBUG -D_FILE_OFFSET_BITS=64 -DPACKAGE_NAME=\"BitSeq\" -DPACKAGE_TARNAME=\"bitseq\" -DPACKAGE_VERSION=\"1.10.x\" -DPACKAGE_STRING=\"BitSeq\ 1.10.x\" -DPACKAGE_BUGREPORT=\"\" -DPACKAGE_URL=\"\" -DBS_VERSION=\"1.41.0\" -DSUPPORT_OPENMP=1 -DBIOC_BUILD=1 -I'/media/volume/sdb/vince/R-4-2-dist/lib/R/library/Rhtslib/include' -I/usr/local/include  -I. -fopenmp -fpic  -g -O2  -c GibbsParameters.cpp -o GibbsParameters.o
g++ -std=gnu++14 -I"/home/stvjc/BBS_space/R-4-2-dist/lib/R/include" -DNDEBUG -D_FILE_OFFSET_BITS=64 -DPACKAGE_NAME=\"BitSeq\" -DPACKAGE_TARNAME=\"bitseq\" -DPACKAGE_VERSION=\"1.10.x\" -DPACKAGE_STRING=\"BitSeq\ 1.10.x\" -DPACKAGE_BUGREPORT=\"\" -DPACKAGE_URL=\"\" -DBS_VERSION=\"1.41.0\" -DSUPPORT_OPENMP=1 -DBIOC_BUILD=1 -I'/media/volume/sdb/vince/R-4-2-dist/lib/R/library/Rhtslib/include' -I/usr/local/include  -I. -fopenmp -fpic  -g -O2  -c GibbsSampler.cpp -o GibbsSampler.o
g++ -std=gnu++14 -I"/home/stvjc/BBS_space/R-4-2-dist/lib/R/include" -DNDEBUG -D_FILE_OFFSET_BITS=64 -DPACKAGE_NAME=\"BitSeq\" -DPACKAGE_TARNAME=\"bitseq\" -DPACKAGE_VERSION=\"1.10.x\" -DPACKAGE_STRING=\"BitSeq\ 1.10.x\" -DPACKAGE_BUGREPORT=\"\" -DPACKAGE_URL=\"\" -DBS_VERSION=\"1.41.0\" -DSUPPORT_OPENMP=1 -DBIOC_BUILD=1 -I'/media/volume/sdb/vince/R-4-2-dist/lib/R/library/Rhtslib/include' -I/usr/local/include  -I. -fopenmp -fpic  -g -O2  -c MyTimer.cpp -o MyTimer.o
g++ -std=gnu++14 -I"/home/stvjc/BBS_space/R-4-2-dist/lib/R/include" -DNDEBUG -D_FILE_OFFSET_BITS=64 -DPACKAGE_NAME=\"BitSeq\" -DPACKAGE_TARNAME=\"bitseq\" -DPACKAGE_VERSION=\"1.10.x\" -DPACKAGE_STRING=\"BitSeq\ 1.10.x\" -DPACKAGE_BUGREPORT=\"\" -DPACKAGE_URL=\"\" -DBS_VERSION=\"1.41.0\" -DSUPPORT_OPENMP=1 -DBIOC_BUILD=1 -I'/media/volume/sdb/vince/R-4-2-dist/lib/R/library/Rhtslib/include' -I/usr/local/include  -I. -fopenmp -fpic  -g -O2  -c PosteriorSamples.cpp -o PosteriorSamples.o
g++ -std=gnu++14 -I"/home/stvjc/BBS_space/R-4-2-dist/lib/R/include" -DNDEBUG -D_FILE_OFFSET_BITS=64 -DPACKAGE_NAME=\"BitSeq\" -DPACKAGE_TARNAME=\"bitseq\" -DPACKAGE_VERSION=\"1.10.x\" -DPACKAGE_STRING=\"BitSeq\ 1.10.x\" -DPACKAGE_BUGREPORT=\"\" -DPACKAGE_URL=\"\" -DBS_VERSION=\"1.41.0\" -DSUPPORT_OPENMP=1 -DBIOC_BUILD=1 -I'/media/volume/sdb/vince/R-4-2-dist/lib/R/library/Rhtslib/include' -I/usr/local/include  -I. -fopenmp -fpic  -g -O2  -c R_init_BitSeq.cpp -o R_init_BitSeq.o
g++ -std=gnu++14 -I"/home/stvjc/BBS_space/R-4-2-dist/lib/R/include" -DNDEBUG -D_FILE_OFFSET_BITS=64 -DPACKAGE_NAME=\"BitSeq\" -DPACKAGE_TARNAME=\"bitseq\" -DPACKAGE_VERSION=\"1.10.x\" -DPACKAGE_STRING=\"BitSeq\ 1.10.x\" -DPACKAGE_BUGREPORT=\"\" -DPACKAGE_URL=\"\" -DBS_VERSION=\"1.41.0\" -DSUPPORT_OPENMP=1 -DBIOC_BUILD=1 -I'/media/volume/sdb/vince/R-4-2-dist/lib/R/library/Rhtslib/include' -I/usr/local/include  -I. -fopenmp -fpic  -g -O2  -c ReadDistribution.cpp -o ReadDistribution.o
In file included from ReadDistribution.cpp:7:
ReadDistribution.h:13:10: fatal error: bam.h: No such file or directory
   13 | #include "bam.h"
      |          ^~~~~~~
compilation terminated.
make: *** [/home/stvjc/BBS_space/R-4-2-dist/lib/R/etc/Makeconf:177: ReadDistribution.o] Error 1
ERROR: compilation failed for package 'BitSeq'
* removing '/media/volume/sdb/vince/R-4-2-dist/lib/R/library/BitSeq'
* installing *source* package 'annmap' ...
** using staged installation
** R
** inst
** byte-compile and prepare package for lazy loading
Error in dyn.load(file, DLLpath = DLLpath, ...) : 
  unable to load shared object '/media/volume/sdb/vince/R-4-2-dist/lib/R/library/RMySQL/libs/RMySQL.so':
  libmariadb.so.3: cannot open shared object file: No such file or directory
Calls: <Anonymous> ... asNamespace -> loadNamespace -> library.dynam -> dyn.load
Execution halted
ERROR: lazy loading failed for package 'annmap'
* removing '/media/volume/sdb/vince/R-4-2-dist/lib/R/library/annmap'
* installing *source* package 'ChemmineOB' ...
** using staged installation
checking for pkg-config... /usr/bin/pkg-config
checking pkg-config is at least version 0.9.0... yes
checking for OPENBABEL... no
checking for OPENBABEL... no
checking for gcc... gcc
checking whether the C compiler works... yes
checking for C compiler default output file name... a.out
checking for suffix of executables... 
checking whether we are cross compiling... no
checking for suffix of object files... o
checking whether we are using the GNU C compiler... yes
checking whether gcc accepts -g... yes
checking for gcc option to accept ISO C89... none needed
checking how to run the C preprocessor... gcc -E
configure: creating ./config.status
config.status: creating src/Makevars
** libs
g++ -std=gnu++14 -I"/home/stvjc/BBS_space/R-4-2-dist/lib/R/include" -DNDEBUG -I/usr/include/openbabel3  -I/usr/include/eigen3  -DUSE_BOOST -DHAVE_EIGEN  -I/usr/local/include/eigen3 -I/usr/local/include/openbabel3    -I'/media/volume/sdb/vince/R-4-2-dist/lib/R/library/BH/include' -I'/media/volume/sdb/vince/R-4-2-dist/lib/R/library/Rcpp/include' -I'/media/volume/sdb/vince/R-4-2-dist/lib/R/library/zlibbioc/include' -I/usr/local/include   -fpic  -g -O2  -c ChemmineOB.cpp -o ChemmineOB.o
ChemmineOB.cpp:1569:10: fatal error: openbabel/obutil.h: No such file or directory
 1569 | #include <openbabel/obutil.h>
      |          ^~~~~~~~~~~~~~~~~~~~
compilation terminated.
make: *** [/home/stvjc/BBS_space/R-4-2-dist/lib/R/etc/Makeconf:177: ChemmineOB.o] Error 1
ERROR: compilation failed for package 'ChemmineOB'
* removing '/media/volume/sdb/vince/R-4-2-dist/lib/R/library/ChemmineOB'
ERROR: dependency 'SPARQL' is not available for package 'flowCL'
* removing '/media/volume/sdb/vince/R-4-2-dist/lib/R/library/flowCL'
ERROR: dependency 'colortools' is not available for package 'coMET'
* removing '/media/volume/sdb/vince/R-4-2-dist/lib/R/library/coMET'
* installing *source* package 'CancerInSilico' ...
** using staged installation
** libs
g++ -std=gnu++14 -I"/home/stvjc/BBS_space/R-4-2-dist/lib/R/include" -DNDEBUG  -I'/media/volume/sdb/vince/R-4-2-dist/lib/R/library/Rcpp/include' -I'/media/volume/sdb/vince/R-4-2-dist/lib/R/library/BH/include' -I/usr/local/include   -fpic  -g -O2  -c RunModel.cpp -o RunModel.o
g++ -std=gnu++14 -I"/home/stvjc/BBS_space/R-4-2-dist/lib/R/include" -DNDEBUG  -I'/media/volume/sdb/vince/R-4-2-dist/lib/R/library/Rcpp/include' -I'/media/volume/sdb/vince/R-4-2-dist/lib/R/library/BH/include' -I/usr/local/include   -fpic  -g -O2  -c RcppExports.cpp -o RcppExports.o
g++ -std=gnu++14 -I"/home/stvjc/BBS_space/R-4-2-dist/lib/R/include" -DNDEBUG  -I'/media/volume/sdb/vince/R-4-2-dist/lib/R/library/Rcpp/include' -I'/media/volume/sdb/vince/R-4-2-dist/lib/R/library/BH/include' -I/usr/local/include   -fpic  -g -O2  -c CellModels/DrasdoHohmeModel.cpp -o CellModels/DrasdoHohmeModel.o
g++ -std=gnu++14 -I"/home/stvjc/BBS_space/R-4-2-dist/lib/R/include" -DNDEBUG  -I'/media/volume/sdb/vince/R-4-2-dist/lib/R/library/Rcpp/include' -I'/media/volume/sdb/vince/R-4-2-dist/lib/R/library/BH/include' -I/usr/local/include   -fpic  -g -O2  -c OffLatticeModel/OffLatticeCell.cpp -o OffLatticeModel/OffLatticeCell.o
g++ -std=gnu++14 -I"/home/stvjc/BBS_space/R-4-2-dist/lib/R/include" -DNDEBUG  -I'/media/volume/sdb/vince/R-4-2-dist/lib/R/library/Rcpp/include' -I'/media/volume/sdb/vince/R-4-2-dist/lib/R/library/BH/include' -I/usr/local/include   -fpic  -g -O2  -c OffLatticeModel/OffLatticeCellBasedModel.cpp -o OffLatticeModel/OffLatticeCellBasedModel.o
g++ -std=gnu++14 -I"/home/stvjc/BBS_space/R-4-2-dist/lib/R/include" -DNDEBUG  -I'/media/volume/sdb/vince/R-4-2-dist/lib/R/library/Rcpp/include' -I'/media/volume/sdb/vince/R-4-2-dist/lib/R/library/BH/include' -I/usr/local/include   -fpic  -g -O2  -c OffLatticeModel/OffLatticeRadiusSolver.cpp -o OffLatticeModel/OffLatticeRadiusSolver.o
g++ -std=gnu++14 -I"/home/stvjc/BBS_space/R-4-2-dist/lib/R/include" -DNDEBUG  -I'/media/volume/sdb/vince/R-4-2-dist/lib/R/library/Rcpp/include' -I'/media/volume/sdb/vince/R-4-2-dist/lib/R/library/BH/include' -I/usr/local/include   -fpic  -g -O2  -c Core/Cell.cpp -o Core/Cell.o
g++ -std=gnu++14 -I"/home/stvjc/BBS_space/R-4-2-dist/lib/R/include" -DNDEBUG  -I'/media/volume/sdb/vince/R-4-2-dist/lib/R/library/Rcpp/include' -I'/media/volume/sdb/vince/R-4-2-dist/lib/R/library/BH/include' -I/usr/local/include   -fpic  -g -O2  -c Core/CellBasedModel.cpp -o Core/CellBasedModel.o
g++ -std=gnu++14 -I"/home/stvjc/BBS_space/R-4-2-dist/lib/R/include" -DNDEBUG  -I'/media/volume/sdb/vince/R-4-2-dist/lib/R/library/Rcpp/include' -I'/media/volume/sdb/vince/R-4-2-dist/lib/R/library/BH/include' -I/usr/local/include   -fpic  -g -O2  -c Core/CellType.cpp -o Core/CellType.o
g++ -std=gnu++14 -I"/home/stvjc/BBS_space/R-4-2-dist/lib/R/include" -DNDEBUG  -I'/media/volume/sdb/vince/R-4-2-dist/lib/R/library/Rcpp/include' -I'/media/volume/sdb/vince/R-4-2-dist/lib/R/library/BH/include' -I/usr/local/include   -fpic  -g -O2  -c Core/Drug.cpp -o Core/Drug.o
g++ -std=gnu++14 -I"/home/stvjc/BBS_space/R-4-2-dist/lib/R/include" -DNDEBUG  -I'/media/volume/sdb/vince/R-4-2-dist/lib/R/library/Rcpp/include' -I'/media/volume/sdb/vince/R-4-2-dist/lib/R/library/BH/include' -I/usr/local/include   -fpic  -g -O2  -c Core/Random.cpp -o Core/Random.o
g++ -std=gnu++14 -I"/home/stvjc/BBS_space/R-4-2-dist/lib/R/include" -DNDEBUG  -I'/media/volume/sdb/vince/R-4-2-dist/lib/R/library/Rcpp/include' -I'/media/volume/sdb/vince/R-4-2-dist/lib/R/library/BH/include' -I/usr/local/include   -fpic  -g -O2  -c test-runner.cpp -o test-runner.o
In file included from /usr/include/signal.h:328,
                 from Tests/catch.h:6450,
                 from test-runner.cpp:2:
Tests/catch.h:6473:33: error: size of array ‘altStackMem’ is not an integral constant-expression
 6473 |         static char altStackMem[SIGSTKSZ];
      |                                 ^~~~~~~~
Tests/catch.h:6524:45: error: size of array ‘altStackMem’ is not an integral constant-expression
 6524 |     char FatalConditionHandler::altStackMem[SIGSTKSZ] = {};
      |                                             ^~~~~~~~
make: *** [/home/stvjc/BBS_space/R-4-2-dist/lib/R/etc/Makeconf:177: test-runner.o] Error 1
ERROR: compilation failed for package 'CancerInSilico'
* removing '/media/volume/sdb/vince/R-4-2-dist/lib/R/library/CancerInSilico'
* installing *source* package 'IntEREst' ...
** using staged installation
** R
** data
*** moving datasets to lazyload DB
** inst
** byte-compile and prepare package for lazy loading
Error in dyn.load(file, DLLpath = DLLpath, ...) : 
  unable to load shared object '/media/volume/sdb/vince/R-4-2-dist/lib/R/library/RMySQL/libs/RMySQL.so':
  libmariadb.so.3: cannot open shared object file: No such file or directory
Calls: <Anonymous> ... asNamespace -> loadNamespace -> library.dynam -> dyn.load
Execution halted
ERROR: lazy loading failed for package 'IntEREst'
* removing '/media/volume/sdb/vince/R-4-2-dist/lib/R/library/IntEREst'
* installing *source* package 'trena' ...
** using staged installation
** R
** inst
** byte-compile and prepare package for lazy loading
See system.file("LICENSE", package="MotifDb") for use restrictions.
Error in dyn.load(file, DLLpath = DLLpath, ...) : 
  unable to load shared object '/media/volume/sdb/vince/R-4-2-dist/lib/R/library/RMySQL/libs/RMySQL.so':
  libmariadb.so.3: cannot open shared object file: No such file or directory
Calls: <Anonymous> ... namespaceImport -> loadNamespace -> library.dynam -> dyn.load
Execution halted
ERROR: lazy loading failed for package 'trena'
* removing '/media/volume/sdb/vince/R-4-2-dist/lib/R/library/trena'
ERROR: dependency 'mppa' is not available for package 'NBSplice'
* removing '/media/volume/sdb/vince/R-4-2-dist/lib/R/library/NBSplice'
ERROR: dependency 'EntropyExplorer' is not available for package 'epihet'
* removing '/media/volume/sdb/vince/R-4-2-dist/lib/R/library/epihet'
* installing *source* package 'GladiaTOX' ...
** using staged installation
** R
** inst
** byte-compile and prepare package for lazy loading
Error in dyn.load(file, DLLpath = DLLpath, ...) : 
  unable to load shared object '/media/volume/sdb/vince/R-4-2-dist/lib/R/library/RMySQL/libs/RMySQL.so':
  libmariadb.so.3: cannot open shared object file: No such file or directory
Calls: <Anonymous> ... asNamespace -> loadNamespace -> library.dynam -> dyn.load
Execution halted
ERROR: lazy loading failed for package 'GladiaTOX'
* removing '/media/volume/sdb/vince/R-4-2-dist/lib/R/library/GladiaTOX'
ERROR: dependency 'sampSurf' is not available for package 'sojourner'
* removing '/media/volume/sdb/vince/R-4-2-dist/lib/R/library/sojourner'
ERROR: dependency 'mGSZ' is not available for package 'ASpediaFI'
* removing '/media/volume/sdb/vince/R-4-2-dist/lib/R/library/ASpediaFI'
* installing *source* package 'sangeranalyseR' ...
** using staged installation
** R
** data
** inst
** byte-compile and prepare package for lazy loading
Error: object 'IdClusters' is not exported by 'namespace:DECIPHER'
Execution halted
ERROR: lazy loading failed for package 'sangeranalyseR'
* removing '/media/volume/sdb/vince/R-4-2-dist/lib/R/library/sangeranalyseR'
* installing *source* package 'Travel' ...
** using staged installation
** libs
g++ -std=gnu++11 -I"/home/stvjc/BBS_space/R-4-2-dist/lib/R/include" -DNDEBUG `pkg-config fuse --cflags` -I'/media/volume/sdb/vince/R-4-2-dist/lib/R/library/Rcpp/include' -I/usr/local/include   -fpic  -g -O2  -c Cpp_interface.cpp -o Cpp_interface.o
Package fuse was not found in the pkg-config search path.
Perhaps you should add the directory containing `fuse.pc'
to the PKG_CONFIG_PATH environment variable
No package 'fuse' found
g++ -std=gnu++11 -I"/home/stvjc/BBS_space/R-4-2-dist/lib/R/include" -DNDEBUG `pkg-config fuse --cflags` -I'/media/volume/sdb/vince/R-4-2-dist/lib/R/library/Rcpp/include' -I/usr/local/include   -fpic  -g -O2  -c RcppExports.cpp -o RcppExports.o
Package fuse was not found in the pkg-config search path.
Perhaps you should add the directory containing `fuse.pc'
to the PKG_CONFIG_PATH environment variable
No package 'fuse' found
g++ -std=gnu++11 -I"/home/stvjc/BBS_space/R-4-2-dist/lib/R/include" -DNDEBUG `pkg-config fuse --cflags` -I'/media/volume/sdb/vince/R-4-2-dist/lib/R/library/Rcpp/include' -I/usr/local/include   -fpic  -g -O2  -c altfile_operations.cpp -o altfile_operations.o
Package fuse was not found in the pkg-config search path.
Perhaps you should add the directory containing `fuse.pc'
to the PKG_CONFIG_PATH environment variable
No package 'fuse' found
g++ -std=gnu++11 -I"/home/stvjc/BBS_space/R-4-2-dist/lib/R/include" -DNDEBUG `pkg-config fuse --cflags` -I'/media/volume/sdb/vince/R-4-2-dist/lib/R/library/Rcpp/include' -I/usr/local/include   -fpic  -g -O2  -c altmmap_operations.cpp -o altmmap_operations.o
Package fuse was not found in the pkg-config search path.
Perhaps you should add the directory containing `fuse.pc'
to the PKG_CONFIG_PATH environment variable
No package 'fuse' found
g++ -std=gnu++11 -I"/home/stvjc/BBS_space/R-4-2-dist/lib/R/include" -DNDEBUG `pkg-config fuse --cflags` -I'/media/volume/sdb/vince/R-4-2-dist/lib/R/library/Rcpp/include' -I/usr/local/include   -fpic  -g -O2  -c altrep_manager.cpp -o altrep_manager.o
Package fuse was not found in the pkg-config search path.
Perhaps you should add the directory containing `fuse.pc'
to the PKG_CONFIG_PATH environment variable
No package 'fuse' found
g++ -std=gnu++11 -I"/home/stvjc/BBS_space/R-4-2-dist/lib/R/include" -DNDEBUG `pkg-config fuse --cflags` -I'/media/volume/sdb/vince/R-4-2-dist/lib/R/library/Rcpp/include' -I/usr/local/include   -fpic  -g -O2  -c class_Cache_block.cpp -o class_Cache_block.o
Package fuse was not found in the pkg-config search path.
Perhaps you should add the directory containing `fuse.pc'
to the PKG_CONFIG_PATH environment variable
No package 'fuse' found
g++ -std=gnu++11 -I"/home/stvjc/BBS_space/R-4-2-dist/lib/R/include" -DNDEBUG `pkg-config fuse --cflags` -I'/media/volume/sdb/vince/R-4-2-dist/lib/R/library/Rcpp/include' -I/usr/local/include   -fpic  -g -O2  -c class_Filesystem_cache_copier.cpp -o class_Filesystem_cache_copier.o
Package fuse was not found in the pkg-config search path.
Perhaps you should add the directory containing `fuse.pc'
to the PKG_CONFIG_PATH environment variable
No package 'fuse' found
g++ -std=gnu++11 -I"/home/stvjc/BBS_space/R-4-2-dist/lib/R/include" -DNDEBUG `pkg-config fuse --cflags` -I'/media/volume/sdb/vince/R-4-2-dist/lib/R/library/Rcpp/include' -I/usr/local/include   -fpic  -g -O2  -c class_Filesystem_file_data.cpp -o class_Filesystem_file_data.o
Package fuse was not found in the pkg-config search path.
Perhaps you should add the directory containing `fuse.pc'
to the PKG_CONFIG_PATH environment variable
No package 'fuse' found
In file included from class_Filesystem_file_data.h:5,
                 from class_Filesystem_file_data.cpp:1:
class_Cache_block.h:10:5: error: ‘size_t’ does not name a type
   10 |     size_t size;
      |     ^~~~~~
class_Cache_block.h:1:1: note: ‘size_t’ is defined in header ‘<cstddef>’; did you forget to ‘#include <cstddef>’?
  +++ |+#include <cstddef>
    1 | #ifndef HEADER_CACHE_BLOCK
class_Cache_block.h:11:5: error: ‘size_t’ does not name a type
   11 |     size_t *counter = nullptr;
      |     ^~~~~~
class_Cache_block.h:11:5: note: ‘size_t’ is defined in header ‘<cstddef>’; did you forget to ‘#include <cstddef>’?
class_Cache_block.h:14:23: error: expected ‘)’ before ‘size’
   14 |     Cache_block(size_t size);
      |                ~      ^~~~~
      |                       )
class_Cache_block.h:21:5: error: ‘size_t’ does not name a type
   21 |     size_t use_count() const;
      |     ^~~~~~
class_Cache_block.h:21:5: note: ‘size_t’ is defined in header ‘<cstddef>’; did you forget to ‘#include <cstddef>’?
class_Cache_block.h:23:5: error: ‘size_t’ does not name a type
   23 |     size_t get_size() const;
      |     ^~~~~~
class_Cache_block.h:23:5: note: ‘size_t’ is defined in header ‘<cstddef>’; did you forget to ‘#include <cstddef>’?
class_Cache_block.h:27:5: error: ‘size_t’ does not name a type
   27 |     size_t get_serialize_size() const;
      |     ^~~~~~
class_Cache_block.h:27:5: note: ‘size_t’ is defined in header ‘<cstddef>’; did you forget to ‘#include <cstddef>’?
class_Filesystem_file_data.cpp: In member function ‘size_t Filesystem_file_data::get_serialize_size()’:
class_Filesystem_file_data.cpp:70:26: error: ‘const class Cache_block’ has no member named ‘get_serialize_size’
   70 |         size += i.second.get_serialize_size();
      |                          ^~~~~~~~~~~~~~~~~~
class_Filesystem_file_data.cpp: In member function ‘void Filesystem_file_data::serialize(void*)’:
class_Filesystem_file_data.cpp:92:39: error: ‘const class Cache_block’ has no member named ‘get_serialize_size’
   92 |         size_t buffer_size = i.second.get_serialize_size();
      |                                       ^~~~~~~~~~~~~~~~~~
class_Filesystem_file_data.cpp: In member function ‘void Filesystem_cache_index_iterator::compute_block_info()’:
class_Filesystem_file_data.cpp:177:39: error: ‘class Cache_block’ has no member named ‘get_size’
  177 |     block_length = block_iter->second.get_size() / type_size;
      |                                       ^~~~~~~~
make: *** [/home/stvjc/BBS_space/R-4-2-dist/lib/R/etc/Makeconf:177: class_Filesystem_file_data.o] Error 1
ERROR: compilation failed for package 'Travel'
* removing '/media/volume/sdb/vince/R-4-2-dist/lib/R/library/Travel'
ERROR: dependency 'vbsr' is not available for package 'TraRe'
* removing '/media/volume/sdb/vince/R-4-2-dist/lib/R/library/TraRe'
* installing *source* package 'rawrr' ...
** using staged installation
** R
** inst
** byte-compile and prepare package for lazy loading
** help
*** installing help indices
** building package indices
** installing vignettes
** testing if installed package can be loaded from temporary location
Error: package or namespace load failed for 'rawrr':
 .onLoad failed in loadNamespace() for 'rawrr', details:
  call: fun(libname, pkgname)
  error: The cross platform, open source .NET framework (mono) is not available.
Consider to install 'apt-get install mono-runtime' on Linux
or download/install from https://www.mono-project.com/.
Error: loading failed
Execution halted
ERROR: loading failed
* removing '/media/volume/sdb/vince/R-4-2-dist/lib/R/library/rawrr'
ERROR: dependency 'seqbias' is not available for package 'ReQON'
* removing '/media/volume/sdb/vince/R-4-2-dist/lib/R/library/ReQON'
ERROR: dependency 'ChemmineOB' is not available for package 'RMassBank'
* removing '/media/volume/sdb/vince/R-4-2-dist/lib/R/library/RMassBank'
ERROR: dependency 'rsbml' is not available for package 'BiGGR'
* removing '/media/volume/sdb/vince/R-4-2-dist/lib/R/library/BiGGR'
ERROR: dependency 'rawrr' is not available for package 'MsBackendRawFileReader'
* removing '/media/volume/sdb/vince/R-4-2-dist/lib/R/library/MsBackendRawFileReader'

The downloaded source packages are in
	'/media/volume/sdb/TEMP/RtmpqAKh0F/downloaded_packages'
Old packages: 'adehabitatLT', 'adehabitatMA', 'aplot', 'arules', 'backbone',
  'bigstatsr', 'bnstruct', 'car', 'changepoint.np', 'ChemoSpec', 'clue',
  'CMplot', 'commonmark', 'cpp11', 'crisprDesign', 'crisprScoreData', 'cvms',
  'data.table', 'devtools', 'digest', 'doBy', 'DT', 'enviPat', 'evaluate',
  'fBasics', 'forestplot', 'GA', 'gap', 'gghighlight', 'ggpmisc', 'ggraph',
  'ggsignif', 'golem', 'graphlayouts', 'gRbase', 'gstat', 'heatmaply',
  'insight', 'jsonlite', 'learnr', 'lintr', 'lpSolve', 'lpSolveAPI',
  'maptools', 'markdown', 'mgcv', 'minqa', 'mlr3tuning', 'msgps', 'NCmisc',
  'nlme', 'np', 'NxtIRFdata', 'openssl', 'origami', 'OSCA.workflows',
  'paletteer', 'party', 'pdftools', 'poilog', 'polyclip', 'protolite', 'qpdf',
  'rainbow', 'reactome.db', 'recipes', 'rmarkdown', 'Rmixmod', 'RMySQL',
  'RNeXML', 'rpart', 'RSEIS', 'rsvg', 'Rttf2pt1', 'Rwave', 'seriation',
  'spatialLIBD', 'spatstat.data', 'spatstat.sparse', 'spatstat.utils',
  'stringdist', 'sys', 'testthat', 'TFMPvalue', 'tidyselect', 'tiledb',
  'timeSeries', 'tm', 'tseries', 'valr', 'vctrs', 'vegan', 'wk', 'writexl',
  'xfun', 'XLConnect', 'xts', 'yaml'
There were 26 warnings (use warnings() to see them)
> 
